<?xml version="1.0" encoding="UTF-8"?>
<!-- Generated by org.testng.reporters.JUnitXMLReporter -->
<testsuite ignored="12" hostname="LAPTOP-IR4FK8S3" failures="0" tests="3" name="Default test" time="9.446" errors="0" timestamp="2025-11-16T00:18:45 EET">
  <testcase classname="RadioButton.MyTestCases" name="AddToData" time="0.058"/>
  <testcase classname="RadioButton.MyTestCases" name="UpdateCustomerData" time="0.004"/>
  <testcase classname="RadioButton.MyTestCases" name="CalendarExample" time="3.108"/>
  <testcase classname="RadioButton.MyTestCases" name="TheTable" time="0.0">
    <ignored/>
  </testcase> <!-- TheTable -->
  <testcase classname="RadioButton.MyTestCases" name="ElementDisplayedExample" time="0.0">
    <ignored/>
  </testcase> <!-- ElementDisplayedExample -->
  <testcase classname="RadioButton.MyTestCases" name="Dynamic_Dropdown_Example" time="0.0">
    <ignored/>
  </testcase> <!-- Dynamic_Dropdown_Example -->
  <testcase classname="RadioButton.MyTestCases" name="ChechBox" time="0.0">
    <ignored/>
  </testcase> <!-- ChechBox -->
  <testcase classname="RadioButton.MyTestCases" name="RadioButtonTest" time="0.0">
    <ignored/>
  </testcase> <!-- RadioButtonTest -->
  <testcase classname="RadioButton.MyTestCases" name="DeleteCustomerData" time="0.0">
    <ignored/>
  </testcase> <!-- DeleteCustomerData -->
  <testcase classname="RadioButton.MyTestCases" name="SwitchToAlertExample" time="0.0">
    <ignored/>
  </testcase> <!-- SwitchToAlertExample -->
  <testcase classname="RadioButton.MyTestCases" name="SelectTag" time="0.0">
    <ignored/>
  </testcase> <!-- SelectTag -->
  <testcase classname="RadioButton.MyTestCases" name="EnabledDisabledExample" time="0.0">
    <ignored/>
  </testcase> <!-- EnabledDisabledExample -->
  <testcase classname="RadioButton.MyTestCases" name="SwitchWindowExample" time="0.0">
    <ignored/>
  </testcase> <!-- SwitchWindowExample -->
  <testcase classname="RadioButton.MyTestCases" name="MouseHoverExample" time="0.0">
    <ignored/>
  </testcase> <!-- MouseHoverExample -->
  <testcase classname="RadioButton.MyTestCases" name="Open_Tab" time="0.0">
    <ignored/>
  </testcase> <!-- Open_Tab -->
</testsuite> <!-- Default test -->
