<?xml version="1.0" encoding="UTF-8"?>
<testng-results ignored="12" total="15" passed="3" failed="0" skipped="0">
  <reporter-output>
  </reporter-output>
  <suite started-at="2025-11-16T00:18:35 EET" name="Default suite" finished-at="2025-11-16T00:18:45 EET" duration-ms="9446">
    <groups>
    </groups>
    <test started-at="2025-11-16T00:18:35 EET" name="Default test" finished-at="2025-11-16T00:18:45 EET" duration-ms="9446">
      <class name="RadioButton.MyTestCases">
        <test-method is-config="true" signature="MyTestSetUp()[pri:0, instance:RadioButton.MyTestCases@180da663]" started-at="2025-11-16T00:18:35 EET" name="MyTestSetUp" finished-at="2025-11-16T00:18:41 EET" duration-ms="6204" status="PASS">
          <reporter-output>
          </reporter-output>
        </test-method> <!-- MyTestSetUp -->
        <test-method signature="AddToData()[pri:1, instance:RadioButton.MyTestCases@180da663]" started-at="2025-11-16T00:18:41 EET" name="AddToData" finished-at="2025-11-16T00:18:42 EET" duration-ms="58" status="PASS">
          <reporter-output>
          </reporter-output>
        </test-method> <!-- AddToData -->
        <test-method signature="UpdateCustomerData()[pri:2, instance:RadioButton.MyTestCases@180da663]" started-at="2025-11-16T00:18:42 EET" name="UpdateCustomerData" finished-at="2025-11-16T00:18:42 EET" duration-ms="4" status="PASS">
          <reporter-output>
          </reporter-output>
        </test-method> <!-- UpdateCustomerData -->
        <test-method signature="CalendarExample()[pri:3, instance:RadioButton.MyTestCases@180da663]" started-at="2025-11-16T00:18:42 EET" name="CalendarExample" finished-at="2025-11-16T00:18:45 EET" duration-ms="3108" status="PASS">
          <reporter-output>
          </reporter-output>
        </test-method> <!-- CalendarExample -->
      </class> <!-- RadioButton.MyTestCases -->
    </test> <!-- Default test -->
  </suite> <!-- Default suite -->
</testng-results>
