<?xml version="1.0" encoding="UTF-8"?>
<testng-results ignored="11" total="12" passed="1" failed="0" skipped="0">
  <reporter-output>
  </reporter-output>
  <suite started-at="2025-11-13T22:50:13 EET" name="Default suite" finished-at="2025-11-13T22:50:27 EET" duration-ms="13551">
    <groups>
    </groups>
    <test started-at="2025-11-13T22:50:13 EET" name="Default test" finished-at="2025-11-13T22:50:27 EET" duration-ms="13551">
      <class name="RadioButton.MyTestCases">
        <test-method is-config="true" signature="MyTestSetUp()[pri:0, instance:RadioButton.MyTestCases@68ead359]" started-at="2025-11-13T22:50:13 EET" name="MyTestSetUp" finished-at="2025-11-13T22:50:24 EET" duration-ms="10398" status="PASS">
          <reporter-output>
          </reporter-output>
        </test-method> <!-- MyTestSetUp -->
        <test-method signature="CalendarExample()[pri:0, instance:RadioButton.MyTestCases@68ead359]" started-at="2025-11-13T22:50:24 EET" name="CalendarExample" finished-at="2025-11-13T22:50:27 EET" duration-ms="3097" status="PASS">
          <reporter-output>
          </reporter-output>
        </test-method> <!-- CalendarExample -->
      </class> <!-- RadioButton.MyTestCases -->
    </test> <!-- Default test -->
  </suite> <!-- Default suite -->
</testng-results>
