<?xml version="1.0" encoding="UTF-8"?>
<!-- Generated by org.testng.reporters.JUnitReportReporter -->
<testsuite hostname="LAPTOP-IR4FK8S3" failures="0" tests="15" name="RadioButton.MyTestCases" time="3.170" errors="0" timestamp="2025-11-16T00:18:45 EET" skipped="12">
  <testcase classname="RadioButton.MyTestCases" name="AddToData" time="0.058"/>
  <testcase classname="RadioButton.MyTestCases" name="UpdateCustomerData" time="0.004"/>
  <testcase classname="RadioButton.MyTestCases" name="CalendarExample" time="3.108"/>
  <testcase classname="RadioButton.MyTestCases" name="TheTable">
    <skipped/>
  </testcase> <!-- TheTable -->
  <testcase classname="RadioButton.MyTestCases" name="ElementDisplayedExample">
    <skipped/>
  </testcase> <!-- ElementDisplayedExample -->
  <testcase classname="RadioButton.MyTestCases" name="Dynamic_Dropdown_Example">
    <skipped/>
  </testcase> <!-- Dynamic_Dropdown_Example -->
  <testcase classname="RadioButton.MyTestCases" name="ChechBox">
    <skipped/>
  </testcase> <!-- ChechBox -->
  <testcase classname="RadioButton.MyTestCases" name="RadioButtonTest">
    <skipped/>
  </testcase> <!-- RadioButtonTest -->
  <testcase classname="RadioButton.MyTestCases" name="DeleteCustomerData">
    <skipped/>
  </testcase> <!-- DeleteCustomerData -->
  <testcase classname="RadioButton.MyTestCases" name="SwitchToAlertExample">
    <skipped/>
  </testcase> <!-- SwitchToAlertExample -->
  <testcase classname="RadioButton.MyTestCases" name="SelectTag">
    <skipped/>
  </testcase> <!-- SelectTag -->
  <testcase classname="RadioButton.MyTestCases" name="EnabledDisabledExample">
    <skipped/>
  </testcase> <!-- EnabledDisabledExample -->
  <testcase classname="RadioButton.MyTestCases" name="SwitchWindowExample">
    <skipped/>
  </testcase> <!-- SwitchWindowExample -->
  <testcase classname="RadioButton.MyTestCases" name="MouseHoverExample">
    <skipped/>
  </testcase> <!-- MouseHoverExample -->
  <testcase classname="RadioButton.MyTestCases" name="Open_Tab">
    <skipped/>
  </testcase> <!-- Open_Tab -->
</testsuite> <!-- RadioButton.MyTestCases -->
