<?xml version="1.0" encoding="UTF-8"?>
<!-- Generated by org.testng.reporters.JUnitReportReporter -->
<testsuite hostname="LAPTOP-IR4FK8S3" failures="0" tests="12" name="RadioButton.MyTestCases" time="3.097" errors="0" timestamp="2025-11-13T22:50:27 EET" skipped="11">
  <testcase classname="RadioButton.MyTestCases" name="CalendarExample" time="3.097"/>
  <testcase classname="RadioButton.MyTestCases" name="RadioButtonTest">
    <skipped/>
  </testcase> <!-- RadioButtonTest -->
  <testcase classname="RadioButton.MyTestCases" name="EnabledDisabledExample">
    <skipped/>
  </testcase> <!-- EnabledDisabledExample -->
  <testcase classname="RadioButton.MyTestCases" name="MouseHoverExample">
    <skipped/>
  </testcase> <!-- MouseHoverExample -->
  <testcase classname="RadioButton.MyTestCases" name="Dynamic_Dropdown_Example">
    <skipped/>
  </testcase> <!-- Dynamic_Dropdown_Example -->
  <testcase classname="RadioButton.MyTestCases" name="SwitchWindowExample">
    <skipped/>
  </testcase> <!-- SwitchWindowExample -->
  <testcase classname="RadioButton.MyTestCases" name="ElementDisplayedExample">
    <skipped/>
  </testcase> <!-- ElementDisplayedExample -->
  <testcase classname="RadioButton.MyTestCases" name="TheTable">
    <skipped/>
  </testcase> <!-- TheTable -->
  <testcase classname="RadioButton.MyTestCases" name="Open_Tab">
    <skipped/>
  </testcase> <!-- Open_Tab -->
  <testcase classname="RadioButton.MyTestCases" name="SelectTag">
    <skipped/>
  </testcase> <!-- SelectTag -->
  <testcase classname="RadioButton.MyTestCases" name="SwitchToAlertExample">
    <skipped/>
  </testcase> <!-- SwitchToAlertExample -->
  <testcase classname="RadioButton.MyTestCases" name="ChechBox">
    <skipped/>
  </testcase> <!-- ChechBox -->
</testsuite> <!-- RadioButton.MyTestCases -->
